<?xml version="1.0" encoding="utf-8"?>
<TestRun id="77e5acd9-49ff-4603-abd1-7c92e6645837" name="soren@SOREN_NORTH 2026-06-18 08:42:07" runUser="SOREN_NORTH\soren" xmlns="http://microsoft.com/schemas/VisualStudio/TeamTest/2010">
  <Times creation="2026-06-18T08:42:07.5136681-04:00" queuing="2026-06-18T08:42:07.5136684-04:00" start="2026-06-18T08:42:06.4622812-04:00" finish="2026-06-18T08:42:08.1298339-04:00" />
  <TestSettings name="default" id="0129dea9-4a51-4b4d-9596-5b039e71b0c7">
    <Deployment runDeploymentRoot="soren_SOREN_NORTH_2026-06-18_08_42_07" />
  </TestSettings>
  <Results>
    <UnitTestResult executionId="5ebf580b-53e3-4549-991b-346d33e6e9db" testId="e9818d4f-64b6-e3ef-1803-69122f679fa9" testName="CcDirector.Core.Tests.Drivers.PiDriverTests.Capabilities_Default_DeclaresOnlyCancelAndClearContext" computerName="SOREN_NORTH" duration="00:00:00.0003578" startTime="2026-06-18T08:42:07.4928930-04:00" endTime="2026-06-18T08:42:07.4928931-04:00" testType="13cdc9d9-ddb5-4fa4-a97d-d965ccfc6d4b" outcome="Passed" testListId="8c84fa94-04c1-424b-9868-57a2d4851a1d" relativeResultsDirectory="5ebf580b-53e3-4549-991b-346d33e6e9db" />
    <UnitTestResult executionId="a4befe56-24f0-41fe-b4b6-9e5338a6b49e" testId="ebf4dab9-9d9a-a039-7c76-3fb68d7c5558" testName="CcDirector.Core.Tests.Drivers.DriverContractTests.SlashCommands_AllDrivers_NormalizeNamesWithoutLeadingSlash(driver: ClaudeDriver { Capabilities = ClearContext | Cancel | TranscriptRead | PreassignedSessionId | Interrupt | History, Kind = ClaudeCode, SlashCommands = [AgentSlashCommand { Name = clear, Description = Clear conversation history and free up context, Category = Session, Source = builtin, DriverKind = ClaudeCode, IsSafeFromComposer = True, IsTerminalOnly = False, Documentation = Aliases: /reset, /new, NormalizedName = clear }, AgentSlashCommand { Name = compact, Description = Compact conversation with optional focus instructions, Category = Session, Source = builtin, DriverKind = ClaudeCode, IsSafeFromComposer = True, IsTerminalOnly = False, Documentation = Usage: /compact [instructions], NormalizedName = compact }, AgentSlashCommand { Name = context, Description = Visualize current context usage as a colored grid, Category = Session, Source = builtin, DriverKind = ClaudeCode, IsSafeFromComposer = True, IsTerminalOnly = False, Documentation = , NormalizedName = context }, AgentSlashCommand { Name = cost, Description = Show token usage statistics, Category = Session, Source = builtin, DriverKind = ClaudeCode, IsSafeFromComposer = True, IsTerminalOnly = False, Documentation = , NormalizedName = cost }, AgentSlashCommand { Name = exit, Description = Exit the CLI, Category = Session, Source = builtin, DriverKind = ClaudeCode, IsSafeFromComposer = True, IsTerminalOnly = False, Documentation = Alias: /quit, NormalizedName = exit }, ···] })" computerName="SOREN_NORTH" duration="00:00:00.0001730" startTime="2026-06-18T08:42:07.4933080-04:00" endTime="2026-06-18T08:42:07.4933081-04:00" testType="13cdc9d9-ddb5-4fa4-a97d-d965ccfc6d4b" outcome="Passed" testListId="8c84fa94-04c1-424b-9868-57a2d4851a1d" relativeResultsDirectory="a4befe56-24f0-41fe-b4b6-9e5338a6b49e" />
    <UnitTestResult executionId="93990eae-8091-46ef-9069-5c49c0ba0646" testId="8f69cb89-8d4e-2a44-962a-abc5c89af67c" testName="CcDirector.Core.Tests.Drivers.PiDriverTests.SlashCommands_Default_ExposePiCommandsOnly" computerName="SOREN_NORTH" duration="00:00:00.0003371" startTime="2026-06-18T08:42:07.4716920-04:00" endTime="2026-06-18T08:42:07.4716922-04:00" testType="13cdc9d9-ddb5-4fa4-a97d-d965ccfc6d4b" outcome="Passed" testListId="8c84fa94-04c1-424b-9868-57a2d4851a1d" relativeResultsDirectory="93990eae-8091-46ef-9069-5c49c0ba0646" />
    <UnitTestResult executionId="dd4f15e8-d307-48e8-bafe-6f2b3f0094fc" testId="daf9cba0-e44c-e854-083f-b445d4be9bf2" testName="CcDirector.Core.Tests.Drivers.SessionAskRunnerTests.AskAsync_EmptyPrompt_Throws" computerName="SOREN_NORTH" duration="00:00:00.0012232" startTime="2026-06-18T08:42:07.7057669-04:00" endTime="2026-06-18T08:42:07.7057670-04:00" testType="13cdc9d9-ddb5-4fa4-a97d-d965ccfc6d4b" outcome="Passed" testListId="8c84fa94-04c1-424b-9868-57a2d4851a1d" relativeResultsDirectory="dd4f15e8-d307-48e8-bafe-6f2b3f0094fc" />
    <UnitTestResult executionId="ac3fd092-b4e6-48bb-a2db-d7f9b33dad51" testId="7bcbb080-4216-0c50-6d1e-58b4b79854e8" testName="CcDirector.Core.Tests.Drivers.SessionAskRunnerTests.ExtractAnswer_OpeningButNoClosingMarker_Throws" computerName="SOREN_NORTH" duration="00:00:00.0008462" startTime="2026-06-18T08:42:07.4947179-04:00" endTime="2026-06-18T08:42:07.4947180-04:00" testType="13cdc9d9-ddb5-4fa4-a97d-d965ccfc6d4b" outcome="Passed" testListId="8c84fa94-04c1-424b-9868-57a2d4851a1d" relativeResultsDirectory="ac3fd092-b4e6-48bb-a2db-d7f9b33dad51" />
    <UnitTestResult executionId="681765f8-ae2b-485e-bcc1-3d6db1146160" testId="2af50081-2899-c27b-e64b-c0e1412667bf" testName="CcDirector.Core.Tests.Drivers.SessionAskRunnerTests.AskAsync_OnSuccess_ClosesTheSession" computerName="SOREN_NORTH" duration="00:00:00.0678597" startTime="2026-06-18T08:42:08.0219824-04:00" endTime="2026-06-18T08:42:08.0219827-04:00" testType="13cdc9d9-ddb5-4fa4-a97d-d965ccfc6d4b" outcome="Passed" testListId="8c84fa94-04c1-424b-9868-57a2d4851a1d" relativeResultsDirectory="681765f8-ae2b-485e-bcc1-3d6db1146160" />
    <UnitTestResult executionId="18d3e1a4-76c3-4b47-b7bc-294beeedaed9" testId="ebf4dab9-9d9a-a039-7c76-3fb68d7c5558" testName="CcDirector.Core.Tests.Drivers.DriverContractTests.SlashCommands_AllDrivers_NormalizeNamesWithoutLeadingSlash(driver: GenericDriver { Capabilities = Cancel | Interrupt, Kind = Codex, SlashCommands = [] })" computerName="SOREN_NORTH" duration="00:00:00.0000121" startTime="2026-06-18T08:42:07.4933286-04:00" endTime="2026-06-18T08:42:07.4933286-04:00" testType="13cdc9d9-ddb5-4fa4-a97d-d965ccfc6d4b" outcome="Passed" testListId="8c84fa94-04c1-424b-9868-57a2d4851a1d" relativeResultsDirectory="18d3e1a4-76c3-4b47-b7bc-294beeedaed9" />
    <UnitTestResult executionId="ef72b84d-2224-42cf-b2a2-d2d883e646e7" testId="83d04de9-29c5-5aac-4495-fb7da92eae30" testName="CcDirector.Core.Tests.Drivers.SessionAskRunnerTests.AskAsync_GenericKindsWithoutTranscriptRead_ThrowNotSupported(kind: Gemini)" computerName="SOREN_NORTH" duration="00:00:00.0010616" startTime="2026-06-18T08:42:07.7652831-04:00" endTime="2026-06-18T08:42:07.7652833-04:00" testType="13cdc9d9-ddb5-4fa4-a97d-d965ccfc6d4b" outcome="Passed" testListId="8c84fa94-04c1-424b-9868-57a2d4851a1d" relativeResultsDirectory="ef72b84d-2224-42cf-b2a2-d2d883e646e7" />
    <UnitTestResult executionId="66dfc576-9f35-4d4a-b314-0082eac701a4" testId="14f0d699-952a-7241-8e24-1010db7afef8" testName="CcDirector.Core.Tests.Drivers.SessionAskRunnerTests.ExtractAnswer_MissingMarkers_ThrowsNoFallback" computerName="SOREN_NORTH" duration="00:00:00.0006183" startTime="2026-06-18T08:42:07.4947371-04:00" endTime="2026-06-18T08:42:07.4947372-04:00" testType="13cdc9d9-ddb5-4fa4-a97d-d965ccfc6d4b" outcome="Passed" testListId="8c84fa94-04c1-424b-9868-57a2d4851a1d" relativeResultsDirectory="66dfc576-9f35-4d4a-b314-0082eac701a4" />
    <UnitTestResult executionId="9bc4aac2-9917-452a-98e9-7aaf4428cca1" testId="6564fe92-19b3-5f64-d1b1-f57e33687021" testName="CcDirector.Core.Tests.Drivers.SessionAskRunnerTests.AskAsync_LaunchSpec_ContainsNoPrintFlag" computerName="SOREN_NORTH" duration="00:00:00.0601903" startTime="2026-06-18T08:42:07.8843703-04:00" endTime="2026-06-18T08:42:07.8843708-04:00" testType="13cdc9d9-ddb5-4fa4-a97d-d965ccfc6d4b" outcome="Passed" testListId="8c84fa94-04c1-424b-9868-57a2d4851a1d" relativeResultsDirectory="9bc4aac2-9917-452a-98e9-7aaf4428cca1" />
    <UnitTestResult executionId="7c2b8be2-372c-40ac-a3c1-fcd499576319" testId="ea00d497-6e07-fa6e-996b-0d86ad7a2d0f" testName="CcDirector.Core.Tests.Drivers.SessionAskRunnerTests.AskAsync_LogsLaunchSubmitReadCloseSequence" computerName="SOREN_NORTH" duration="00:00:00.0567066" startTime="2026-06-18T08:42:07.7629073-04:00" endTime="2026-06-18T08:42:07.7629075-04:00" testType="13cdc9d9-ddb5-4fa4-a97d-d965ccfc6d4b" outcome="Passed" testListId="8c84fa94-04c1-424b-9868-57a2d4851a1d" relativeResultsDirectory="7c2b8be2-372c-40ac-a3c1-fcd499576319" />
    <UnitTestResult executionId="8e443a0f-bb30-4721-b9dc-e2798600cae8" testId="a98b2d0a-ca6f-53f7-a4ae-870d5e61dcc4" testName="CcDirector.Core.Tests.Skills.SlashCommandProviderDriverTests.GetCommands_PiSession_ReturnsPiCommandsWithoutClaudeCommands" computerName="SOREN_NORTH" duration="00:00:00.0139048" startTime="2026-06-18T08:42:07.4297076-04:00" endTime="2026-06-18T08:42:07.4297283-04:00" testType="13cdc9d9-ddb5-4fa4-a97d-d965ccfc6d4b" outcome="Passed" testListId="8c84fa94-04c1-424b-9868-57a2d4851a1d" relativeResultsDirectory="8e443a0f-bb30-4721-b9dc-e2798600cae8" />
    <UnitTestResult executionId="61fbfacc-3b0f-4c52-9987-5ee0eacfbce9" testId="f2a51bc7-3409-32ae-1a09-a4ce465314d3" testName="CcDirector.Core.Tests.Drivers.PiDriverTests.ShowHistoryAsync_Default_ThrowsNotSupported" computerName="SOREN_NORTH" duration="00:00:00.0004330" startTime="2026-06-18T08:42:07.4712855-04:00" endTime="2026-06-18T08:42:07.4712856-04:00" testType="13cdc9d9-ddb5-4fa4-a97d-d965ccfc6d4b" outcome="Passed" testListId="8c84fa94-04c1-424b-9868-57a2d4851a1d" relativeResultsDirectory="61fbfacc-3b0f-4c52-9987-5ee0eacfbce9" />
    <UnitTestResult executionId="51e51248-5a28-4f46-ba11-974fa7ade52c" testId="f3c5cbce-a5ce-c876-c14d-0dcc8087ecd9" testName="CcDirector.Core.Tests.Drivers.SessionAskRunnerTests.AskAsync_NoReplyWithinTimeout_ThrowsSessionAskTimeout" computerName="SOREN_NORTH" duration="00:00:00.2136418" startTime="2026-06-18T08:42:07.7036179-04:00" endTime="2026-06-18T08:42:07.7036188-04:00" testType="13cdc9d9-ddb5-4fa4-a97d-d965ccfc6d4b" outcome="Passed" testListId="8c84fa94-04c1-424b-9868-57a2d4851a1d" relativeResultsDirectory="51e51248-5a28-4f46-ba11-974fa7ade52c" />
    <UnitTestResult executionId="7f13703a-a194-4171-904b-5716f88b9c07" testId="9ba3aed2-2eb9-9c1c-bacf-f77e881e94fe" testName="CcDirector.Core.Tests.Drivers.PiDriverTests.ClearContextAsync_Default_SubmitsNewCommand" computerName="SOREN_NORTH" duration="00:00:00.0057238" startTime="2026-06-18T08:42:07.4692323-04:00" endTime="2026-06-18T08:42:07.4692325-04:00" testType="13cdc9d9-ddb5-4fa4-a97d-d965ccfc6d4b" outcome="Passed" testListId="8c84fa94-04c1-424b-9868-57a2d4851a1d" relativeResultsDirectory="7f13703a-a194-4171-904b-5716f88b9c07" />
    <UnitTestResult executionId="c8d25604-83c9-4149-a37f-796f410fa7bd" testId="8d4f4f51-75db-a1a2-7859-71b5b3f754d3" testName="CcDirector.Core.Tests.Skills.SlashCommandProviderDriverTests.GetCommands_ClaudeSession_PreservesClaudeCommands" computerName="SOREN_NORTH" duration="00:00:00.0037734" startTime="2026-06-18T08:42:07.4358344-04:00" endTime="2026-06-18T08:42:07.4358346-04:00" testType="13cdc9d9-ddb5-4fa4-a97d-d965ccfc6d4b" outcome="Passed" testListId="8c84fa94-04c1-424b-9868-57a2d4851a1d" relativeResultsDirectory="c8d25604-83c9-4149-a37f-796f410fa7bd" />
    <UnitTestResult executionId="e2167bf0-fd39-477a-9a3e-5286f290c89c" testId="7bc33761-9d2e-629e-2e4a-d36e6251f9b1" testName="CcDirector.Core.Tests.Drivers.DriverContractTests.GenericDriver_InterruptAsync_WritesControlCByte" computerName="SOREN_NORTH" duration="00:00:00.0006162" startTime="2026-06-18T08:42:07.4931965-04:00" endTime="2026-06-18T08:42:07.4931965-04:00" testType="13cdc9d9-ddb5-4fa4-a97d-d965ccfc6d4b" outcome="Passed" testListId="8c84fa94-04c1-424b-9868-57a2d4851a1d" relativeResultsDirectory="e2167bf0-fd39-477a-9a3e-5286f290c89c" />
    <UnitTestResult executionId="d71dbdd2-89f6-436f-a846-cadad1c01b9d" testId="eeb01577-cc0a-d0fb-84c6-f6427ff66480" testName="CcDirector.Core.Tests.Skills.SlashCommandProviderDriverTests.GetCommands_PiSession_DiscoversProjectPromptsAndSkills" computerName="SOREN_NORTH" duration="00:00:00.0131664" startTime="2026-06-18T08:42:07.4617478-04:00" endTime="2026-06-18T08:42:07.4617483-04:00" testType="13cdc9d9-ddb5-4fa4-a97d-d965ccfc6d4b" outcome="Passed" testListId="8c84fa94-04c1-424b-9868-57a2d4851a1d" relativeResultsDirectory="d71dbdd2-89f6-436f-a846-cadad1c01b9d" />
    <UnitTestResult executionId="b21199a2-7546-4f0d-a8b5-4e5248892d17" testId="c129acb8-96db-6ca3-94e9-6abe29e9319b" testName="CcDirector.Core.Tests.Drivers.SessionAskRunnerTests.AskAsync_Pi_TranscriptReadingDriverWithFixture_ReturnsParsedAnswer" computerName="SOREN_NORTH" duration="00:00:00.0599805" startTime="2026-06-18T08:42:07.9448577-04:00" endTime="2026-06-18T08:42:07.9448580-04:00" testType="13cdc9d9-ddb5-4fa4-a97d-d965ccfc6d4b" outcome="Passed" testListId="8c84fa94-04c1-424b-9868-57a2d4851a1d" relativeResultsDirectory="b21199a2-7546-4f0d-a8b5-4e5248892d17" />
    <UnitTestResult executionId="5921599f-3da6-4f97-bf21-3ae6dfbce845" testId="06b70968-0174-b9a5-f18e-be4b2172cbab" testName="CcDirector.Core.Tests.Drivers.SessionAskRunnerTests.AskAsync_OnFailure_StillClosesTheSession" computerName="SOREN_NORTH" duration="00:00:00.0566921" startTime="2026-06-18T08:42:07.8236484-04:00" endTime="2026-06-18T08:42:07.8236490-04:00" testType="13cdc9d9-ddb5-4fa4-a97d-d965ccfc6d4b" outcome="Passed" testListId="8c84fa94-04c1-424b-9868-57a2d4851a1d" relativeResultsDirectory="5921599f-3da6-4f97-bf21-3ae6dfbce845" />
    <UnitTestResult executionId="bd0be1ad-beb7-4932-95f6-05104c0a55ff" testId="7d73c71f-6cbb-dc66-7e49-20ef27d01491" testName="CcDirector.Core.Tests.Drivers.DriverContractTests.GenericDriver_CancelAsync_WritesEscapeByte" computerName="SOREN_NORTH" duration="00:00:00.0003978" startTime="2026-06-18T08:42:07.4932574-04:00" endTime="2026-06-18T08:42:07.4932574-04:00" testType="13cdc9d9-ddb5-4fa4-a97d-d965ccfc6d4b" outcome="Passed" testListId="8c84fa94-04c1-424b-9868-57a2d4851a1d" relativeResultsDirectory="bd0be1ad-beb7-4932-95f6-05104c0a55ff" />
    <UnitTestResult executionId="17d984cf-1613-4070-a39d-77d8119324db" testId="eedb5fee-bf5e-5075-0413-d3dc8dcee59b" testName="CcDirector.Core.Tests.Skills.SlashCommandProviderDriverTests.InvalidateCache_PiPromptAddedAfterFirstRead_RefreshesCommands" computerName="SOREN_NORTH" duration="00:00:00.0125045" startTime="2026-06-18T08:42:07.4484656-04:00" endTime="2026-06-18T08:42:07.4484661-04:00" testType="13cdc9d9-ddb5-4fa4-a97d-d965ccfc6d4b" outcome="Passed" testListId="8c84fa94-04c1-424b-9868-57a2d4851a1d" relativeResultsDirectory="17d984cf-1613-4070-a39d-77d8119324db" />
    <UnitTestResult executionId="28d59d20-910d-4891-a92b-63213b60d85e" testId="a2ddc372-9dce-9aa8-a7ee-f9470c599d98" testName="CcDirector.Core.Tests.Drivers.SessionAskRunnerTests.AskAsync_ClaudeCode_RealDriverWithFixtureTranscript_ReturnsParsedAnswer" computerName="SOREN_NORTH" duration="00:00:00.0606835" startTime="2026-06-18T08:42:08.0829421-04:00" endTime="2026-06-18T08:42:08.0829422-04:00" testType="13cdc9d9-ddb5-4fa4-a97d-d965ccfc6d4b" outcome="Passed" testListId="8c84fa94-04c1-424b-9868-57a2d4851a1d" relativeResultsDirectory="28d59d20-910d-4891-a92b-63213b60d85e" />
    <UnitTestResult executionId="01cbc5ee-db5c-4ea1-bf73-d1e2854ff090" testId="46dced32-f0b9-d7e2-ed14-4313cdb85ba3" testName="CcDirector.Core.Tests.Drivers.DriverContractTests.GenericDriver_ClearContextAsync_ThrowsBecauseCapabilityIsAbsent" computerName="SOREN_NORTH" duration="00:00:00.0005453" startTime="2026-06-18T08:42:07.4932353-04:00" endTime="2026-06-18T08:42:07.4932353-04:00" testType="13cdc9d9-ddb5-4fa4-a97d-d965ccfc6d4b" outcome="Passed" testListId="8c84fa94-04c1-424b-9868-57a2d4851a1d" relativeResultsDirectory="01cbc5ee-db5c-4ea1-bf73-d1e2854ff090" />
    <UnitTestResult executionId="06907d0e-ea87-4799-9688-38a16c33b6cc" testId="5adb4993-00e1-3a52-de16-9b748b14408f" testName="CcDirector.Core.Tests.Drivers.PiDriverTests.CancelAsync_Default_WritesEscapeByte" computerName="SOREN_NORTH" duration="00:00:00.0031208" startTime="2026-06-18T08:42:07.4931507-04:00" endTime="2026-06-18T08:42:07.4931507-04:00" testType="13cdc9d9-ddb5-4fa4-a97d-d965ccfc6d4b" outcome="Passed" testListId="8c84fa94-04c1-424b-9868-57a2d4851a1d" relativeResultsDirectory="06907d0e-ea87-4799-9688-38a16c33b6cc" />
    <UnitTestResult executionId="6fa9d3a5-a9fc-4074-80b8-5d9bee5dc9cc" testId="ed1f28aa-3c8c-14f9-5c07-6861b85ce56f" testName="CcDirector.Core.Tests.Drivers.PiDriverTests.InterruptAsync_Default_ThrowsNotSupported" computerName="SOREN_NORTH" duration="00:00:00.0015000" startTime="2026-06-18T08:42:07.4707904-04:00" endTime="2026-06-18T08:42:07.4707905-04:00" testType="13cdc9d9-ddb5-4fa4-a97d-d965ccfc6d4b" outcome="Passed" testListId="8c84fa94-04c1-424b-9868-57a2d4851a1d" relativeResultsDirectory="6fa9d3a5-a9fc-4074-80b8-5d9bee5dc9cc" />
    <UnitTestResult executionId="1e59e417-c2ee-4f4c-8aff-5222295bcdd4" testId="be320fc2-00bb-5b14-ed98-879f5615a7fa" testName="CcDirector.Core.Tests.Drivers.SessionAskRunnerTests.AskAsync_RawCli_RealDriver_ThrowsNotSupportedNamingTheAgent" computerName="SOREN_NORTH" duration="00:00:00.0014733" startTime="2026-06-18T08:42:07.9464587-04:00" endTime="2026-06-18T08:42:07.9464588-04:00" testType="13cdc9d9-ddb5-4fa4-a97d-d965ccfc6d4b" outcome="Passed" testListId="8c84fa94-04c1-424b-9868-57a2d4851a1d" relativeResultsDirectory="1e59e417-c2ee-4f4c-8aff-5222295bcdd4" />
    <UnitTestResult executionId="d7de75f9-1c49-468e-bde3-b1c5558ef6f5" testId="27e36c9b-a207-0b34-19c4-111bccb253a2" testName="CcDirector.Core.Tests.Drivers.SessionAskRunnerTests.ExtractAnswer_FixtureTranscriptBlock_ReturnsExactlyTheBlock" computerName="SOREN_NORTH" duration="00:00:00.0015363" startTime="2026-06-18T08:42:07.4933730-04:00" endTime="2026-06-18T08:42:07.4933731-04:00" testType="13cdc9d9-ddb5-4fa4-a97d-d965ccfc6d4b" outcome="Passed" testListId="8c84fa94-04c1-424b-9868-57a2d4851a1d" relativeResultsDirectory="d7de75f9-1c49-468e-bde3-b1c5558ef6f5" />
    <UnitTestResult executionId="fa7043a1-2261-4bc4-a978-5e178f0c4c7c" testId="2b4a35db-f55f-4a36-a2e6-598e703b1c12" testName="CcDirector.Core.Tests.Drivers.SessionAskRunnerTests.AskAsync_GenericKindsWithoutTranscriptRead_ThrowNotSupported(kind: Codex)" computerName="SOREN_NORTH" duration="00:00:00.0005068" startTime="2026-06-18T08:42:07.7665642-04:00" endTime="2026-06-18T08:42:07.7665642-04:00" testType="13cdc9d9-ddb5-4fa4-a97d-d965ccfc6d4b" outcome="Passed" testListId="8c84fa94-04c1-424b-9868-57a2d4851a1d" relativeResultsDirectory="fa7043a1-2261-4bc4-a978-5e178f0c4c7c" />
    <UnitTestResult executionId="22b86774-c77b-4ca1-8d6e-a91cab15c02e" testId="e845a375-ff1c-21ff-d90b-3e243daa58f5" testName="CcDirector.Core.Tests.Drivers.SessionAskRunnerTests.AskAsync_MissingWorkingDirectory_Throws" computerName="SOREN_NORTH" duration="00:00:00.0010960" startTime="2026-06-18T08:42:07.7641493-04:00" endTime="2026-06-18T08:42:07.7641496-04:00" testType="13cdc9d9-ddb5-4fa4-a97d-d965ccfc6d4b" outcome="Passed" testListId="8c84fa94-04c1-424b-9868-57a2d4851a1d" relativeResultsDirectory="22b86774-c77b-4ca1-8d6e-a91cab15c02e" />
    <UnitTestResult executionId="c73d3109-be94-4257-9c10-7cdb6e4a9122" testId="bd3db8c5-6dce-cbbd-6bf9-bc7dee12d2e2" testName="CcDirector.Core.Tests.Drivers.SessionAskRunnerTests.AskAsync_GenericKindsWithoutTranscriptRead_ThrowNotSupported(kind: OpenCode)" computerName="SOREN_NORTH" duration="00:00:00.0006589" startTime="2026-06-18T08:42:07.7660125-04:00" endTime="2026-06-18T08:42:07.7660126-04:00" testType="13cdc9d9-ddb5-4fa4-a97d-d965ccfc6d4b" outcome="Passed" testListId="8c84fa94-04c1-424b-9868-57a2d4851a1d" relativeResultsDirectory="c73d3109-be94-4257-9c10-7cdb6e4a9122" />
    <UnitTestResult executionId="d451de66-21ae-402e-b207-ed1e1f753f34" testId="677d89ea-6a42-53ea-3f41-0853e0a3faba" testName="CcDirector.Core.Tests.Skills.SlashCommandProviderDriverTests.GetCommands_GenericSession_ReturnsNoBuiltInCommands" computerName="SOREN_NORTH" duration="00:00:00.0025661" startTime="2026-06-18T08:42:07.4320414-04:00" endTime="2026-06-18T08:42:07.4320415-04:00" testType="13cdc9d9-ddb5-4fa4-a97d-d965ccfc6d4b" outcome="Passed" testListId="8c84fa94-04c1-424b-9868-57a2d4851a1d" relativeResultsDirectory="d451de66-21ae-402e-b207-ed1e1f753f34" />
    <UnitTestResult executionId="7b458dde-aa47-4217-93e4-c75199793f26" testId="967443a9-4e5f-c5c5-fcb4-fdf84011130f" testName="CcDirector.Core.Tests.Drivers.SessionAskRunnerTests.WrapPrompt_EmbedsBothDelimiters" computerName="SOREN_NORTH" duration="00:00:00.0070877" startTime="2026-06-18T08:42:07.9536580-04:00" endTime="2026-06-18T08:42:07.9536584-04:00" testType="13cdc9d9-ddb5-4fa4-a97d-d965ccfc6d4b" outcome="Passed" testListId="8c84fa94-04c1-424b-9868-57a2d4851a1d" relativeResultsDirectory="7b458dde-aa47-4217-93e4-c75199793f26" />
    <UnitTestResult executionId="4313b60c-219b-4a2e-9f1c-2e9b52d073a8" testId="8e88885a-c275-bace-8582-3d784619abc0" testName="CcDirector.Core.Tests.Drivers.SessionAskRunnerTests.ClaudeDriver_DefaultLaunchSpec_HasNoPrintFlag" computerName="SOREN_NORTH" duration="00:00:00.0015883" startTime="2026-06-18T08:42:07.4946816-04:00" endTime="2026-06-18T08:42:07.4946817-04:00" testType="13cdc9d9-ddb5-4fa4-a97d-d965ccfc6d4b" outcome="Passed" testListId="8c84fa94-04c1-424b-9868-57a2d4851a1d" relativeResultsDirectory="4313b60c-219b-4a2e-9f1c-2e9b52d073a8" />
    <UnitTestResult executionId="fba9875c-05a0-4b27-8682-153dc14e123f" testId="ebf4dab9-9d9a-a039-7c76-3fb68d7c5558" testName="CcDirector.Core.Tests.Drivers.DriverContractTests.SlashCommands_AllDrivers_NormalizeNamesWithoutLeadingSlash(driver: PiDriver { Capabilities = ClearContext | Cancel, Kind = Pi, SlashCommands = [AgentSlashCommand { Name = /login, Description = Authenticate with a provider, Category = Account, Source = builtin, DriverKind = Pi, IsSafeFromComposer = True, IsTerminalOnly = False, Documentation = , NormalizedName = login }, AgentSlashCommand { Name = /logout, Description = Sign out from the current provider, Category = Account, Source = builtin, DriverKind = Pi, IsSafeFromComposer = True, IsTerminalOnly = False, Documentation = , NormalizedName = logout }, AgentSlashCommand { Name = /model, Description = Switch models, Category = Configuration, Source = builtin, DriverKind = Pi, IsSafeFromComposer = False, IsTerminalOnly = True, Documentation = , NormalizedName = model }, AgentSlashCommand { Name = /scoped-models, Description = Enable or disable models for model cycling, Category = Configuration, Source = builtin, DriverKind = Pi, IsSafeFromComposer = False, IsTerminalOnly = True, Documentation = , NormalizedName = scoped-models }, AgentSlashCommand { Name = /settings, Description = Open Pi settings, Category = Configuration, Source = builtin, DriverKind = Pi, IsSafeFromComposer = False, IsTerminalOnly = True, Documentation = , NormalizedName = settings }, ···] })" computerName="SOREN_NORTH" duration="00:00:00.0001111" startTime="2026-06-18T08:42:07.4933192-04:00" endTime="2026-06-18T08:42:07.4933192-04:00" testType="13cdc9d9-ddb5-4fa4-a97d-d965ccfc6d4b" outcome="Passed" testListId="8c84fa94-04c1-424b-9868-57a2d4851a1d" relativeResultsDirectory="fba9875c-05a0-4b27-8682-153dc14e123f" />
  </Results>
  <TestDefinitions>
    <UnitTest name="CcDirector.Core.Tests.Drivers.SessionAskRunnerTests.AskAsync_Pi_TranscriptReadingDriverWithFixture_ReturnsParsedAnswer" storage="d:\reposfred\devthrottle\src\ccdirector.core.tests\bin\debug\net10.0\ccdirector.core.tests.dll" id="c129acb8-96db-6ca3-94e9-6abe29e9319b">
      <Execution id="b21199a2-7546-4f0d-a8b5-4e5248892d17" />
      <TestMethod codeBase="D:\ReposFred\devthrottle\src\CcDirector.Core.Tests\bin\Debug\net10.0\CcDirector.Core.Tests.dll" adapterTypeName="executor://xunit/VsTestRunner2/netcoreapp" className="CcDirector.Core.Tests.Drivers.SessionAskRunnerTests" name="AskAsync_Pi_TranscriptReadingDriverWithFixture_ReturnsParsedAnswer" />
    </UnitTest>
    <UnitTest name="CcDirector.Core.Tests.Drivers.PiDriverTests.ClearContextAsync_Default_SubmitsNewCommand" storage="d:\reposfred\devthrottle\src\ccdirector.core.tests\bin\debug\net10.0\ccdirector.core.tests.dll" id="9ba3aed2-2eb9-9c1c-bacf-f77e881e94fe">
      <Execution id="7f13703a-a194-4171-904b-5716f88b9c07" />
      <TestMethod codeBase="D:\ReposFred\devthrottle\src\CcDirector.Core.Tests\bin\Debug\net10.0\CcDirector.Core.Tests.dll" adapterTypeName="executor://xunit/VsTestRunner2/netcoreapp" className="CcDirector.Core.Tests.Drivers.PiDriverTests" name="ClearContextAsync_Default_SubmitsNewCommand" />
    </UnitTest>
    <UnitTest name="CcDirector.Core.Tests.Skills.SlashCommandProviderDriverTests.GetCommands_PiSession_ReturnsPiCommandsWithoutClaudeCommands" storage="d:\reposfred\devthrottle\src\ccdirector.core.tests\bin\debug\net10.0\ccdirector.core.tests.dll" id="a98b2d0a-ca6f-53f7-a4ae-870d5e61dcc4">
      <Execution id="8e443a0f-bb30-4721-b9dc-e2798600cae8" />
      <TestMethod codeBase="D:\ReposFred\devthrottle\src\CcDirector.Core.Tests\bin\Debug\net10.0\CcDirector.Core.Tests.dll" adapterTypeName="executor://xunit/VsTestRunner2/netcoreapp" className="CcDirector.Core.Tests.Skills.SlashCommandProviderDriverTests" name="GetCommands_PiSession_ReturnsPiCommandsWithoutClaudeCommands" />
    </UnitTest>
    <UnitTest name="CcDirector.Core.Tests.Skills.SlashCommandProviderDriverTests.GetCommands_ClaudeSession_PreservesClaudeCommands" storage="d:\reposfred\devthrottle\src\ccdirector.core.tests\bin\debug\net10.0\ccdirector.core.tests.dll" id="8d4f4f51-75db-a1a2-7859-71b5b3f754d3">
      <Execution id="c8d25604-83c9-4149-a37f-796f410fa7bd" />
      <TestMethod codeBase="D:\ReposFred\devthrottle\src\CcDirector.Core.Tests\bin\Debug\net10.0\CcDirector.Core.Tests.dll" adapterTypeName="executor://xunit/VsTestRunner2/netcoreapp" className="CcDirector.Core.Tests.Skills.SlashCommandProviderDriverTests" name="GetCommands_ClaudeSession_PreservesClaudeCommands" />
    </UnitTest>
    <UnitTest name="CcDirector.Core.Tests.Drivers.SessionAskRunnerTests.AskAsync_OnSuccess_ClosesTheSession" storage="d:\reposfred\devthrottle\src\ccdirector.core.tests\bin\debug\net10.0\ccdirector.core.tests.dll" id="2af50081-2899-c27b-e64b-c0e1412667bf">
      <Execution id="681765f8-ae2b-485e-bcc1-3d6db1146160" />
      <TestMethod codeBase="D:\ReposFred\devthrottle\src\CcDirector.Core.Tests\bin\Debug\net10.0\CcDirector.Core.Tests.dll" adapterTypeName="executor://xunit/VsTestRunner2/netcoreapp" className="CcDirector.Core.Tests.Drivers.SessionAskRunnerTests" name="AskAsync_OnSuccess_ClosesTheSession" />
    </UnitTest>
    <UnitTest name="CcDirector.Core.Tests.Skills.SlashCommandProviderDriverTests.InvalidateCache_PiPromptAddedAfterFirstRead_RefreshesCommands" storage="d:\reposfred\devthrottle\src\ccdirector.core.tests\bin\debug\net10.0\ccdirector.core.tests.dll" id="eedb5fee-bf5e-5075-0413-d3dc8dcee59b">
      <Execution id="17d984cf-1613-4070-a39d-77d8119324db" />
      <TestMethod codeBase="D:\ReposFred\devthrottle\src\CcDirector.Core.Tests\bin\Debug\net10.0\CcDirector.Core.Tests.dll" adapterTypeName="executor://xunit/VsTestRunner2/netcoreapp" className="CcDirector.Core.Tests.Skills.SlashCommandProviderDriverTests" name="InvalidateCache_PiPromptAddedAfterFirstRead_RefreshesCommands" />
    </UnitTest>
    <UnitTest name="CcDirector.Core.Tests.Drivers.SessionAskRunnerTests.AskAsync_GenericKindsWithoutTranscriptRead_ThrowNotSupported(kind: Gemini)" storage="d:\reposfred\devthrottle\src\ccdirector.core.tests\bin\debug\net10.0\ccdirector.core.tests.dll" id="83d04de9-29c5-5aac-4495-fb7da92eae30">
      <Execution id="ef72b84d-2224-42cf-b2a2-d2d883e646e7" />
      <TestMethod codeBase="D:\ReposFred\devthrottle\src\CcDirector.Core.Tests\bin\Debug\net10.0\CcDirector.Core.Tests.dll" adapterTypeName="executor://xunit/VsTestRunner2/netcoreapp" className="CcDirector.Core.Tests.Drivers.SessionAskRunnerTests" name="AskAsync_GenericKindsWithoutTranscriptRead_ThrowNotSupported" />
    </UnitTest>
    <UnitTest name="CcDirector.Core.Tests.Drivers.SessionAskRunnerTests.AskAsync_RawCli_RealDriver_ThrowsNotSupportedNamingTheAgent" storage="d:\reposfred\devthrottle\src\ccdirector.core.tests\bin\debug\net10.0\ccdirector.core.tests.dll" id="be320fc2-00bb-5b14-ed98-879f5615a7fa">
      <Execution id="1e59e417-c2ee-4f4c-8aff-5222295bcdd4" />
      <TestMethod codeBase="D:\ReposFred\devthrottle\src\CcDirector.Core.Tests\bin\Debug\net10.0\CcDirector.Core.Tests.dll" adapterTypeName="executor://xunit/VsTestRunner2/netcoreapp" className="CcDirector.Core.Tests.Drivers.SessionAskRunnerTests" name="AskAsync_RawCli_RealDriver_ThrowsNotSupportedNamingTheAgent" />
    </UnitTest>
    <UnitTest name="CcDirector.Core.Tests.Drivers.SessionAskRunnerTests.AskAsync_GenericKindsWithoutTranscriptRead_ThrowNotSupported(kind: Codex)" storage="d:\reposfred\devthrottle\src\ccdirector.core.tests\bin\debug\net10.0\ccdirector.core.tests.dll" id="2b4a35db-f55f-4a36-a2e6-598e703b1c12">
      <Execution id="fa7043a1-2261-4bc4-a978-5e178f0c4c7c" />
      <TestMethod codeBase="D:\ReposFred\devthrottle\src\CcDirector.Core.Tests\bin\Debug\net10.0\CcDirector.Core.Tests.dll" adapterTypeName="executor://xunit/VsTestRunner2/netcoreapp" className="CcDirector.Core.Tests.Drivers.SessionAskRunnerTests" name="AskAsync_GenericKindsWithoutTranscriptRead_ThrowNotSupported" />
    </UnitTest>
    <UnitTest name="CcDirector.Core.Tests.Skills.SlashCommandProviderDriverTests.GetCommands_PiSession_DiscoversProjectPromptsAndSkills" storage="d:\reposfred\devthrottle\src\ccdirector.core.tests\bin\debug\net10.0\ccdirector.core.tests.dll" id="eeb01577-cc0a-d0fb-84c6-f6427ff66480">
      <Execution id="d71dbdd2-89f6-436f-a846-cadad1c01b9d" />
      <TestMethod codeBase="D:\ReposFred\devthrottle\src\CcDirector.Core.Tests\bin\Debug\net10.0\CcDirector.Core.Tests.dll" adapterTypeName="executor://xunit/VsTestRunner2/netcoreapp" className="CcDirector.Core.Tests.Skills.SlashCommandProviderDriverTests" name="GetCommands_PiSession_DiscoversProjectPromptsAndSkills" />
    </UnitTest>
    <UnitTest name="CcDirector.Core.Tests.Drivers.SessionAskRunnerTests.ExtractAnswer_MissingMarkers_ThrowsNoFallback" storage="d:\reposfred\devthrottle\src\ccdirector.core.tests\bin\debug\net10.0\ccdirector.core.tests.dll" id="14f0d699-952a-7241-8e24-1010db7afef8">
      <Execution id="66dfc576-9f35-4d4a-b314-0082eac701a4" />
      <TestMethod codeBase="D:\ReposFred\devthrottle\src\CcDirector.Core.Tests\bin\Debug\net10.0\CcDirector.Core.Tests.dll" adapterTypeName="executor://xunit/VsTestRunner2/netcoreapp" className="CcDirector.Core.Tests.Drivers.SessionAskRunnerTests" name="ExtractAnswer_MissingMarkers_ThrowsNoFallback" />
    </UnitTest>
    <UnitTest name="CcDirector.Core.Tests.Drivers.PiDriverTests.CancelAsync_Default_WritesEscapeByte" storage="d:\reposfred\devthrottle\src\ccdirector.core.tests\bin\debug\net10.0\ccdirector.core.tests.dll" id="5adb4993-00e1-3a52-de16-9b748b14408f">
      <Execution id="06907d0e-ea87-4799-9688-38a16c33b6cc" />
      <TestMethod codeBase="D:\ReposFred\devthrottle\src\CcDirector.Core.Tests\bin\Debug\net10.0\CcDirector.Core.Tests.dll" adapterTypeName="executor://xunit/VsTestRunner2/netcoreapp" className="CcDirector.Core.Tests.Drivers.PiDriverTests" name="CancelAsync_Default_WritesEscapeByte" />
    </UnitTest>
    <UnitTest name="CcDirector.Core.Tests.Drivers.SessionAskRunnerTests.ExtractAnswer_OpeningButNoClosingMarker_Throws" storage="d:\reposfred\devthrottle\src\ccdirector.core.tests\bin\debug\net10.0\ccdirector.core.tests.dll" id="7bcbb080-4216-0c50-6d1e-58b4b79854e8">
      <Execution id="ac3fd092-b4e6-48bb-a2db-d7f9b33dad51" />
      <TestMethod codeBase="D:\ReposFred\devthrottle\src\CcDirector.Core.Tests\bin\Debug\net10.0\CcDirector.Core.Tests.dll" adapterTypeName="executor://xunit/VsTestRunner2/netcoreapp" className="CcDirector.Core.Tests.Drivers.SessionAskRunnerTests" name="ExtractAnswer_OpeningButNoClosingMarker_Throws" />
    </UnitTest>
    <UnitTest name="CcDirector.Core.Tests.Drivers.DriverContractTests.GenericDriver_CancelAsync_WritesEscapeByte" storage="d:\reposfred\devthrottle\src\ccdirector.core.tests\bin\debug\net10.0\ccdirector.core.tests.dll" id="7d73c71f-6cbb-dc66-7e49-20ef27d01491">
      <Execution id="bd0be1ad-beb7-4932-95f6-05104c0a55ff" />
      <TestMethod codeBase="D:\ReposFred\devthrottle\src\CcDirector.Core.Tests\bin\Debug\net10.0\CcDirector.Core.Tests.dll" adapterTypeName="executor://xunit/VsTestRunner2/netcoreapp" className="CcDirector.Core.Tests.Drivers.DriverContractTests" name="GenericDriver_CancelAsync_WritesEscapeByte" />
    </UnitTest>
    <UnitTest name="CcDirector.Core.Tests.Drivers.DriverContractTests.GenericDriver_InterruptAsync_WritesControlCByte" storage="d:\reposfred\devthrottle\src\ccdirector.core.tests\bin\debug\net10.0\ccdirector.core.tests.dll" id="7bc33761-9d2e-629e-2e4a-d36e6251f9b1">
      <Execution id="e2167bf0-fd39-477a-9a3e-5286f290c89c" />
      <TestMethod codeBase="D:\ReposFred\devthrottle\src\CcDirector.Core.Tests\bin\Debug\net10.0\CcDirector.Core.Tests.dll" adapterTypeName="executor://xunit/VsTestRunner2/netcoreapp" className="CcDirector.Core.Tests.Drivers.DriverContractTests" name="GenericDriver_InterruptAsync_WritesControlCByte" />
    </UnitTest>
    <UnitTest name="CcDirector.Core.Tests.Drivers.SessionAskRunnerTests.AskAsync_EmptyPrompt_Throws" storage="d:\reposfred\devthrottle\src\ccdirector.core.tests\bin\debug\net10.0\ccdirector.core.tests.dll" id="daf9cba0-e44c-e854-083f-b445d4be9bf2">
      <Execution id="dd4f15e8-d307-48e8-bafe-6f2b3f0094fc" />
      <TestMethod codeBase="D:\ReposFred\devthrottle\src\CcDirector.Core.Tests\bin\Debug\net10.0\CcDirector.Core.Tests.dll" adapterTypeName="executor://xunit/VsTestRunner2/netcoreapp" className="CcDirector.Core.Tests.Drivers.SessionAskRunnerTests" name="AskAsync_EmptyPrompt_Throws" />
    </UnitTest>
    <UnitTest name="CcDirector.Core.Tests.Skills.SlashCommandProviderDriverTests.GetCommands_GenericSession_ReturnsNoBuiltInCommands" storage="d:\reposfred\devthrottle\src\ccdirector.core.tests\bin\debug\net10.0\ccdirector.core.tests.dll" id="677d89ea-6a42-53ea-3f41-0853e0a3faba">
      <Execution id="d451de66-21ae-402e-b207-ed1e1f753f34" />
      <TestMethod codeBase="D:\ReposFred\devthrottle\src\CcDirector.Core.Tests\bin\Debug\net10.0\CcDirector.Core.Tests.dll" adapterTypeName="executor://xunit/VsTestRunner2/netcoreapp" className="CcDirector.Core.Tests.Skills.SlashCommandProviderDriverTests" name="GetCommands_GenericSession_ReturnsNoBuiltInCommands" />
    </UnitTest>
    <UnitTest name="CcDirector.Core.Tests.Drivers.SessionAskRunnerTests.AskAsync_ClaudeCode_RealDriverWithFixtureTranscript_ReturnsParsedAnswer" storage="d:\reposfred\devthrottle\src\ccdirector.core.tests\bin\debug\net10.0\ccdirector.core.tests.dll" id="a2ddc372-9dce-9aa8-a7ee-f9470c599d98">
      <Execution id="28d59d20-910d-4891-a92b-63213b60d85e" />
      <TestMethod codeBase="D:\ReposFred\devthrottle\src\CcDirector.Core.Tests\bin\Debug\net10.0\CcDirector.Core.Tests.dll" adapterTypeName="executor://xunit/VsTestRunner2/netcoreapp" className="CcDirector.Core.Tests.Drivers.SessionAskRunnerTests" name="AskAsync_ClaudeCode_RealDriverWithFixtureTranscript_ReturnsParsedAnswer" />
    </UnitTest>
    <UnitTest name="CcDirector.Core.Tests.Drivers.PiDriverTests.SlashCommands_Default_ExposePiCommandsOnly" storage="d:\reposfred\devthrottle\src\ccdirector.core.tests\bin\debug\net10.0\ccdirector.core.tests.dll" id="8f69cb89-8d4e-2a44-962a-abc5c89af67c">
      <Execution id="93990eae-8091-46ef-9069-5c49c0ba0646" />
      <TestMethod codeBase="D:\ReposFred\devthrottle\src\CcDirector.Core.Tests\bin\Debug\net10.0\CcDirector.Core.Tests.dll" adapterTypeName="executor://xunit/VsTestRunner2/netcoreapp" className="CcDirector.Core.Tests.Drivers.PiDriverTests" name="SlashCommands_Default_ExposePiCommandsOnly" />
    </UnitTest>
    <UnitTest name="CcDirector.Core.Tests.Drivers.PiDriverTests.Capabilities_Default_DeclaresOnlyCancelAndClearContext" storage="d:\reposfred\devthrottle\src\ccdirector.core.tests\bin\debug\net10.0\ccdirector.core.tests.dll" id="e9818d4f-64b6-e3ef-1803-69122f679fa9">
      <Execution id="5ebf580b-53e3-4549-991b-346d33e6e9db" />
      <TestMethod codeBase="D:\ReposFred\devthrottle\src\CcDirector.Core.Tests\bin\Debug\net10.0\CcDirector.Core.Tests.dll" adapterTypeName="executor://xunit/VsTestRunner2/netcoreapp" className="CcDirector.Core.Tests.Drivers.PiDriverTests" name="Capabilities_Default_DeclaresOnlyCancelAndClearContext" />
    </UnitTest>
    <UnitTest name="CcDirector.Core.Tests.Drivers.SessionAskRunnerTests.AskAsync_LaunchSpec_ContainsNoPrintFlag" storage="d:\reposfred\devthrottle\src\ccdirector.core.tests\bin\debug\net10.0\ccdirector.core.tests.dll" id="6564fe92-19b3-5f64-d1b1-f57e33687021">
      <Execution id="9bc4aac2-9917-452a-98e9-7aaf4428cca1" />
      <TestMethod codeBase="D:\ReposFred\devthrottle\src\CcDirector.Core.Tests\bin\Debug\net10.0\CcDirector.Core.Tests.dll" adapterTypeName="executor://xunit/VsTestRunner2/netcoreapp" className="CcDirector.Core.Tests.Drivers.SessionAskRunnerTests" name="AskAsync_LaunchSpec_ContainsNoPrintFlag" />
    </UnitTest>
    <UnitTest name="CcDirector.Core.Tests.Drivers.SessionAskRunnerTests.AskAsync_MissingWorkingDirectory_Throws" storage="d:\reposfred\devthrottle\src\ccdirector.core.tests\bin\debug\net10.0\ccdirector.core.tests.dll" id="e845a375-ff1c-21ff-d90b-3e243daa58f5">
      <Execution id="22b86774-c77b-4ca1-8d6e-a91cab15c02e" />
      <TestMethod codeBase="D:\ReposFred\devthrottle\src\CcDirector.Core.Tests\bin\Debug\net10.0\CcDirector.Core.Tests.dll" adapterTypeName="executor://xunit/VsTestRunner2/netcoreapp" className="CcDirector.Core.Tests.Drivers.SessionAskRunnerTests" name="AskAsync_MissingWorkingDirectory_Throws" />
    </UnitTest>
    <UnitTest name="CcDirector.Core.Tests.Drivers.SessionAskRunnerTests.ExtractAnswer_FixtureTranscriptBlock_ReturnsExactlyTheBlock" storage="d:\reposfred\devthrottle\src\ccdirector.core.tests\bin\debug\net10.0\ccdirector.core.tests.dll" id="27e36c9b-a207-0b34-19c4-111bccb253a2">
      <Execution id="d7de75f9-1c49-468e-bde3-b1c5558ef6f5" />
      <TestMethod codeBase="D:\ReposFred\devthrottle\src\CcDirector.Core.Tests\bin\Debug\net10.0\CcDirector.Core.Tests.dll" adapterTypeName="executor://xunit/VsTestRunner2/netcoreapp" className="CcDirector.Core.Tests.Drivers.SessionAskRunnerTests" name="ExtractAnswer_FixtureTranscriptBlock_ReturnsExactlyTheBlock" />
    </UnitTest>
    <UnitTest name="CcDirector.Core.Tests.Drivers.SessionAskRunnerTests.WrapPrompt_EmbedsBothDelimiters" storage="d:\reposfred\devthrottle\src\ccdirector.core.tests\bin\debug\net10.0\ccdirector.core.tests.dll" id="967443a9-4e5f-c5c5-fcb4-fdf84011130f">
      <Execution id="7b458dde-aa47-4217-93e4-c75199793f26" />
      <TestMethod codeBase="D:\ReposFred\devthrottle\src\CcDirector.Core.Tests\bin\Debug\net10.0\CcDirector.Core.Tests.dll" adapterTypeName="executor://xunit/VsTestRunner2/netcoreapp" className="CcDirector.Core.Tests.Drivers.SessionAskRunnerTests" name="WrapPrompt_EmbedsBothDelimiters" />
    </UnitTest>
    <UnitTest name="CcDirector.Core.Tests.Drivers.SessionAskRunnerTests.AskAsync_OnFailure_StillClosesTheSession" storage="d:\reposfred\devthrottle\src\ccdirector.core.tests\bin\debug\net10.0\ccdirector.core.tests.dll" id="06b70968-0174-b9a5-f18e-be4b2172cbab">
      <Execution id="5921599f-3da6-4f97-bf21-3ae6dfbce845" />
      <TestMethod codeBase="D:\ReposFred\devthrottle\src\CcDirector.Core.Tests\bin\Debug\net10.0\CcDirector.Core.Tests.dll" adapterTypeName="executor://xunit/VsTestRunner2/netcoreapp" className="CcDirector.Core.Tests.Drivers.SessionAskRunnerTests" name="AskAsync_OnFailure_StillClosesTheSession" />
    </UnitTest>
    <UnitTest name="CcDirector.Core.Tests.Drivers.SessionAskRunnerTests.ClaudeDriver_DefaultLaunchSpec_HasNoPrintFlag" storage="d:\reposfred\devthrottle\src\ccdirector.core.tests\bin\debug\net10.0\ccdirector.core.tests.dll" id="8e88885a-c275-bace-8582-3d784619abc0">
      <Execution id="4313b60c-219b-4a2e-9f1c-2e9b52d073a8" />
      <TestMethod codeBase="D:\ReposFred\devthrottle\src\CcDirector.Core.Tests\bin\Debug\net10.0\CcDirector.Core.Tests.dll" adapterTypeName="executor://xunit/VsTestRunner2/netcoreapp" className="CcDirector.Core.Tests.Drivers.SessionAskRunnerTests" name="ClaudeDriver_DefaultLaunchSpec_HasNoPrintFlag" />
    </UnitTest>
    <UnitTest name="CcDirector.Core.Tests.Drivers.SessionAskRunnerTests.AskAsync_LogsLaunchSubmitReadCloseSequence" storage="d:\reposfred\devthrottle\src\ccdirector.core.tests\bin\debug\net10.0\ccdirector.core.tests.dll" id="ea00d497-6e07-fa6e-996b-0d86ad7a2d0f">
      <Execution id="7c2b8be2-372c-40ac-a3c1-fcd499576319" />
      <TestMethod codeBase="D:\ReposFred\devthrottle\src\CcDirector.Core.Tests\bin\Debug\net10.0\CcDirector.Core.Tests.dll" adapterTypeName="executor://xunit/VsTestRunner2/netcoreapp" className="CcDirector.Core.Tests.Drivers.SessionAskRunnerTests" name="AskAsync_LogsLaunchSubmitReadCloseSequence" />
    </UnitTest>
    <UnitTest name="CcDirector.Core.Tests.Drivers.PiDriverTests.ShowHistoryAsync_Default_ThrowsNotSupported" storage="d:\reposfred\devthrottle\src\ccdirector.core.tests\bin\debug\net10.0\ccdirector.core.tests.dll" id="f2a51bc7-3409-32ae-1a09-a4ce465314d3">
      <Execution id="61fbfacc-3b0f-4c52-9987-5ee0eacfbce9" />
      <TestMethod codeBase="D:\ReposFred\devthrottle\src\CcDirector.Core.Tests\bin\Debug\net10.0\CcDirector.Core.Tests.dll" adapterTypeName="executor://xunit/VsTestRunner2/netcoreapp" className="CcDirector.Core.Tests.Drivers.PiDriverTests" name="ShowHistoryAsync_Default_ThrowsNotSupported" />
    </UnitTest>
    <UnitTest name="CcDirector.Core.Tests.Drivers.SessionAskRunnerTests.AskAsync_NoReplyWithinTimeout_ThrowsSessionAskTimeout" storage="d:\reposfred\devthrottle\src\ccdirector.core.tests\bin\debug\net10.0\ccdirector.core.tests.dll" id="f3c5cbce-a5ce-c876-c14d-0dcc8087ecd9">
      <Execution id="51e51248-5a28-4f46-ba11-974fa7ade52c" />
      <TestMethod codeBase="D:\ReposFred\devthrottle\src\CcDirector.Core.Tests\bin\Debug\net10.0\CcDirector.Core.Tests.dll" adapterTypeName="executor://xunit/VsTestRunner2/netcoreapp" className="CcDirector.Core.Tests.Drivers.SessionAskRunnerTests" name="AskAsync_NoReplyWithinTimeout_ThrowsSessionAskTimeout" />
    </UnitTest>
    <UnitTest name="CcDirector.Core.Tests.Drivers.DriverContractTests.GenericDriver_ClearContextAsync_ThrowsBecauseCapabilityIsAbsent" storage="d:\reposfred\devthrottle\src\ccdirector.core.tests\bin\debug\net10.0\ccdirector.core.tests.dll" id="46dced32-f0b9-d7e2-ed14-4313cdb85ba3">
      <Execution id="01cbc5ee-db5c-4ea1-bf73-d1e2854ff090" />
      <TestMethod codeBase="D:\ReposFred\devthrottle\src\CcDirector.Core.Tests\bin\Debug\net10.0\CcDirector.Core.Tests.dll" adapterTypeName="executor://xunit/VsTestRunner2/netcoreapp" className="CcDirector.Core.Tests.Drivers.DriverContractTests" name="GenericDriver_ClearContextAsync_ThrowsBecauseCapabilityIsAbsent" />
    </UnitTest>
    <UnitTest name="CcDirector.Core.Tests.Drivers.SessionAskRunnerTests.AskAsync_GenericKindsWithoutTranscriptRead_ThrowNotSupported(kind: OpenCode)" storage="d:\reposfred\devthrottle\src\ccdirector.core.tests\bin\debug\net10.0\ccdirector.core.tests.dll" id="bd3db8c5-6dce-cbbd-6bf9-bc7dee12d2e2">
      <Execution id="c73d3109-be94-4257-9c10-7cdb6e4a9122" />
      <TestMethod codeBase="D:\ReposFred\devthrottle\src\CcDirector.Core.Tests\bin\Debug\net10.0\CcDirector.Core.Tests.dll" adapterTypeName="executor://xunit/VsTestRunner2/netcoreapp" className="CcDirector.Core.Tests.Drivers.SessionAskRunnerTests" name="AskAsync_GenericKindsWithoutTranscriptRead_ThrowNotSupported" />
    </UnitTest>
    <UnitTest name="CcDirector.Core.Tests.Drivers.DriverContractTests.SlashCommands_AllDrivers_NormalizeNamesWithoutLeadingSlash" storage="d:\reposfred\devthrottle\src\ccdirector.core.tests\bin\debug\net10.0\ccdirector.core.tests.dll" id="ebf4dab9-9d9a-a039-7c76-3fb68d7c5558">
      <Execution id="a4befe56-24f0-41fe-b4b6-9e5338a6b49e" />
      <TestMethod codeBase="D:\ReposFred\devthrottle\src\CcDirector.Core.Tests\bin\Debug\net10.0\CcDirector.Core.Tests.dll" adapterTypeName="executor://xunit/VsTestRunner2/netcoreapp" className="CcDirector.Core.Tests.Drivers.DriverContractTests" name="SlashCommands_AllDrivers_NormalizeNamesWithoutLeadingSlash" />
    </UnitTest>
    <UnitTest name="CcDirector.Core.Tests.Drivers.PiDriverTests.InterruptAsync_Default_ThrowsNotSupported" storage="d:\reposfred\devthrottle\src\ccdirector.core.tests\bin\debug\net10.0\ccdirector.core.tests.dll" id="ed1f28aa-3c8c-14f9-5c07-6861b85ce56f">
      <Execution id="6fa9d3a5-a9fc-4074-80b8-5d9bee5dc9cc" />
      <TestMethod codeBase="D:\ReposFred\devthrottle\src\CcDirector.Core.Tests\bin\Debug\net10.0\CcDirector.Core.Tests.dll" adapterTypeName="executor://xunit/VsTestRunner2/netcoreapp" className="CcDirector.Core.Tests.Drivers.PiDriverTests" name="InterruptAsync_Default_ThrowsNotSupported" />
    </UnitTest>
  </TestDefinitions>
  <TestEntries>
    <TestEntry testId="e9818d4f-64b6-e3ef-1803-69122f679fa9" executionId="5ebf580b-53e3-4549-991b-346d33e6e9db" testListId="8c84fa94-04c1-424b-9868-57a2d4851a1d" />
    <TestEntry testId="ebf4dab9-9d9a-a039-7c76-3fb68d7c5558" executionId="a4befe56-24f0-41fe-b4b6-9e5338a6b49e" testListId="8c84fa94-04c1-424b-9868-57a2d4851a1d" />
    <TestEntry testId="8f69cb89-8d4e-2a44-962a-abc5c89af67c" executionId="93990eae-8091-46ef-9069-5c49c0ba0646" testListId="8c84fa94-04c1-424b-9868-57a2d4851a1d" />
    <TestEntry testId="daf9cba0-e44c-e854-083f-b445d4be9bf2" executionId="dd4f15e8-d307-48e8-bafe-6f2b3f0094fc" testListId="8c84fa94-04c1-424b-9868-57a2d4851a1d" />
    <TestEntry testId="7bcbb080-4216-0c50-6d1e-58b4b79854e8" executionId="ac3fd092-b4e6-48bb-a2db-d7f9b33dad51" testListId="8c84fa94-04c1-424b-9868-57a2d4851a1d" />
    <TestEntry testId="2af50081-2899-c27b-e64b-c0e1412667bf" executionId="681765f8-ae2b-485e-bcc1-3d6db1146160" testListId="8c84fa94-04c1-424b-9868-57a2d4851a1d" />
    <TestEntry testId="ebf4dab9-9d9a-a039-7c76-3fb68d7c5558" executionId="18d3e1a4-76c3-4b47-b7bc-294beeedaed9" testListId="8c84fa94-04c1-424b-9868-57a2d4851a1d" />
    <TestEntry testId="83d04de9-29c5-5aac-4495-fb7da92eae30" executionId="ef72b84d-2224-42cf-b2a2-d2d883e646e7" testListId="8c84fa94-04c1-424b-9868-57a2d4851a1d" />
    <TestEntry testId="14f0d699-952a-7241-8e24-1010db7afef8" executionId="66dfc576-9f35-4d4a-b314-0082eac701a4" testListId="8c84fa94-04c1-424b-9868-57a2d4851a1d" />
    <TestEntry testId="6564fe92-19b3-5f64-d1b1-f57e33687021" executionId="9bc4aac2-9917-452a-98e9-7aaf4428cca1" testListId="8c84fa94-04c1-424b-9868-57a2d4851a1d" />
    <TestEntry testId="ea00d497-6e07-fa6e-996b-0d86ad7a2d0f" executionId="7c2b8be2-372c-40ac-a3c1-fcd499576319" testListId="8c84fa94-04c1-424b-9868-57a2d4851a1d" />
    <TestEntry testId="a98b2d0a-ca6f-53f7-a4ae-870d5e61dcc4" executionId="8e443a0f-bb30-4721-b9dc-e2798600cae8" testListId="8c84fa94-04c1-424b-9868-57a2d4851a1d" />
    <TestEntry testId="f2a51bc7-3409-32ae-1a09-a4ce465314d3" executionId="61fbfacc-3b0f-4c52-9987-5ee0eacfbce9" testListId="8c84fa94-04c1-424b-9868-57a2d4851a1d" />
    <TestEntry testId="f3c5cbce-a5ce-c876-c14d-0dcc8087ecd9" executionId="51e51248-5a28-4f46-ba11-974fa7ade52c" testListId="8c84fa94-04c1-424b-9868-57a2d4851a1d" />
    <TestEntry testId="9ba3aed2-2eb9-9c1c-bacf-f77e881e94fe" executionId="7f13703a-a194-4171-904b-5716f88b9c07" testListId="8c84fa94-04c1-424b-9868-57a2d4851a1d" />
    <TestEntry testId="8d4f4f51-75db-a1a2-7859-71b5b3f754d3" executionId="c8d25604-83c9-4149-a37f-796f410fa7bd" testListId="8c84fa94-04c1-424b-9868-57a2d4851a1d" />
    <TestEntry testId="7bc33761-9d2e-629e-2e4a-d36e6251f9b1" executionId="e2167bf0-fd39-477a-9a3e-5286f290c89c" testListId="8c84fa94-04c1-424b-9868-57a2d4851a1d" />
    <TestEntry testId="eeb01577-cc0a-d0fb-84c6-f6427ff66480" executionId="d71dbdd2-89f6-436f-a846-cadad1c01b9d" testListId="8c84fa94-04c1-424b-9868-57a2d4851a1d" />
    <TestEntry testId="c129acb8-96db-6ca3-94e9-6abe29e9319b" executionId="b21199a2-7546-4f0d-a8b5-4e5248892d17" testListId="8c84fa94-04c1-424b-9868-57a2d4851a1d" />
    <TestEntry testId="06b70968-0174-b9a5-f18e-be4b2172cbab" executionId="5921599f-3da6-4f97-bf21-3ae6dfbce845" testListId="8c84fa94-04c1-424b-9868-57a2d4851a1d" />
    <TestEntry testId="7d73c71f-6cbb-dc66-7e49-20ef27d01491" executionId="bd0be1ad-beb7-4932-95f6-05104c0a55ff" testListId="8c84fa94-04c1-424b-9868-57a2d4851a1d" />
    <TestEntry testId="eedb5fee-bf5e-5075-0413-d3dc8dcee59b" executionId="17d984cf-1613-4070-a39d-77d8119324db" testListId="8c84fa94-04c1-424b-9868-57a2d4851a1d" />
    <TestEntry testId="a2ddc372-9dce-9aa8-a7ee-f9470c599d98" executionId="28d59d20-910d-4891-a92b-63213b60d85e" testListId="8c84fa94-04c1-424b-9868-57a2d4851a1d" />
    <TestEntry testId="46dced32-f0b9-d7e2-ed14-4313cdb85ba3" executionId="01cbc5ee-db5c-4ea1-bf73-d1e2854ff090" testListId="8c84fa94-04c1-424b-9868-57a2d4851a1d" />
    <TestEntry testId="5adb4993-00e1-3a52-de16-9b748b14408f" executionId="06907d0e-ea87-4799-9688-38a16c33b6cc" testListId="8c84fa94-04c1-424b-9868-57a2d4851a1d" />
    <TestEntry testId="ed1f28aa-3c8c-14f9-5c07-6861b85ce56f" executionId="6fa9d3a5-a9fc-4074-80b8-5d9bee5dc9cc" testListId="8c84fa94-04c1-424b-9868-57a2d4851a1d" />
    <TestEntry testId="be320fc2-00bb-5b14-ed98-879f5615a7fa" executionId="1e59e417-c2ee-4f4c-8aff-5222295bcdd4" testListId="8c84fa94-04c1-424b-9868-57a2d4851a1d" />
    <TestEntry testId="27e36c9b-a207-0b34-19c4-111bccb253a2" executionId="d7de75f9-1c49-468e-bde3-b1c5558ef6f5" testListId="8c84fa94-04c1-424b-9868-57a2d4851a1d" />
    <TestEntry testId="2b4a35db-f55f-4a36-a2e6-598e703b1c12" executionId="fa7043a1-2261-4bc4-a978-5e178f0c4c7c" testListId="8c84fa94-04c1-424b-9868-57a2d4851a1d" />
    <TestEntry testId="e845a375-ff1c-21ff-d90b-3e243daa58f5" executionId="22b86774-c77b-4ca1-8d6e-a91cab15c02e" testListId="8c84fa94-04c1-424b-9868-57a2d4851a1d" />
    <TestEntry testId="bd3db8c5-6dce-cbbd-6bf9-bc7dee12d2e2" executionId="c73d3109-be94-4257-9c10-7cdb6e4a9122" testListId="8c84fa94-04c1-424b-9868-57a2d4851a1d" />
    <TestEntry testId="677d89ea-6a42-53ea-3f41-0853e0a3faba" executionId="d451de66-21ae-402e-b207-ed1e1f753f34" testListId="8c84fa94-04c1-424b-9868-57a2d4851a1d" />
    <TestEntry testId="967443a9-4e5f-c5c5-fcb4-fdf84011130f" executionId="7b458dde-aa47-4217-93e4-c75199793f26" testListId="8c84fa94-04c1-424b-9868-57a2d4851a1d" />
    <TestEntry testId="8e88885a-c275-bace-8582-3d784619abc0" executionId="4313b60c-219b-4a2e-9f1c-2e9b52d073a8" testListId="8c84fa94-04c1-424b-9868-57a2d4851a1d" />
    <TestEntry testId="ebf4dab9-9d9a-a039-7c76-3fb68d7c5558" executionId="fba9875c-05a0-4b27-8682-153dc14e123f" testListId="8c84fa94-04c1-424b-9868-57a2d4851a1d" />
  </TestEntries>
  <TestLists>
    <TestList name="Results Not in a List" id="8c84fa94-04c1-424b-9868-57a2d4851a1d" />
    <TestList name="All Loaded Results" id="19431567-8539-422a-85d7-44ee4e166bda" />
  </TestLists>
  <ResultSummary outcome="Completed">
    <Counters total="35" executed="35" passed="35" failed="0" error="0" timeout="0" aborted="0" inconclusive="0" passedButRunAborted="0" notRunnable="0" notExecuted="0" disconnected="0" warning="0" completed="0" inProgress="0" pending="0" />
    <Output>
      <StdOut>[xUnit.net 00:00:00.00] xUnit.net VSTest Adapter v2.8.2+699d445a1a (64-bit .NET 10.0.9)&#xD;
[xUnit.net 00:00:00.38]   Discovering: CcDirector.Core.Tests&#xD;
[xUnit.net 00:00:00.56]   Discovered:  CcDirector.Core.Tests&#xD;
[xUnit.net 00:00:00.56]   Starting:    CcDirector.Core.Tests&#xD;
[xUnit.net 00:00:01.27]   Finished:    CcDirector.Core.Tests&#xD;
</StdOut>
    </Output>
  </ResultSummary>
</TestRun>